[debug] [2021-06-03T18:54:38.654Z] ----------------------------------------------------------------------
[debug] [2021-06-03T18:54:38.656Z] Command:       C:\Program Files\nodejs\node.exe C:\Users\G-UNIT\AppData\Roaming\npm\node_modules\firebase-tools\lib\bin\firebase.js init
[debug] [2021-06-03T18:54:38.656Z] CLI Version:   9.12.1
[debug] [2021-06-03T18:54:38.656Z] Platform:      win32
[debug] [2021-06-03T18:54:38.656Z] Node Version:  v14.12.0
[debug] [2021-06-03T18:54:38.658Z] Time:          Thu Jun 03 2021 13:54:38 GMT-0500 (hora estándar oriental)
[debug] [2021-06-03T18:54:38.658Z] ----------------------------------------------------------------------
[debug] 
[debug] [2021-06-03T18:54:38.663Z] > command requires scopes: ["email","openid","https://www.googleapis.com/auth/cloudplatformprojects.readonly","https://www.googleapis.com/auth/firebase","https://www.googleapis.com/auth/cloud-platform"]
[debug] [2021-06-03T18:54:38.663Z] > authorizing via signed-in user (jcastillo.internetactivo@gmail.com)
[info] 
     ######## #### ########  ######## ########     ###     ######  ########
     ##        ##  ##     ## ##       ##     ##  ##   ##  ##       ##
     ######    ##  ########  ######   ########  #########  ######  ######
     ##        ##  ##    ##  ##       ##     ## ##     ##       ## ##
     ##       #### ##     ## ######## ########  ##     ##  ######  ########

You're about to initialize a Firebase project in this directory:

  C:\xampp\htdocs\linkedinClone

Before we get started, keep in mind:

  * You are currently outside your home directory

