Arguments: 
  C:\Program Files\nodejs\node.exe C:\Program Files (x86)\Yarn\bin\yarn.js add firebase

PATH: 
  C:\Program Files (x86)\VMware\VMware Player\bin\;C:\Python38\Scripts\;C:\Python38\;C:\WINDOWS\system32;C:\WINDOWS;C:\WINDOWS\System32\Wbem;C:\WINDOWS\System32\WindowsPowerShell\v1.0\;C:\WINDOWS\System32\OpenSSH\;C:\Program Files\Microsoft VS Code\bin;C:\Program Files\nodejs\;C:\ProgramData\chocolatey\bin;C:\Program Files (x86)\Yarn\bin\;C:\Users\G-UNIT\AppData\Local\Microsoft\WindowsApps;C:\Users\G-UNIT\AppData\Roaming\npm;C:\Users\G-UNIT\AppData\Local\Yarn\bin;

Yarn version: 
  1.22.5

Node version: 
  14.12.0

Platform: 
  win32 x64

Trace: 
  Error: https://registry.yarnpkg.com/@firebase/firestore/-/firestore-2.3.4.tgz: ESOCKETTIMEDOUT
      at ClientRequest.<anonymous> (C:\Program Files (x86)\Yarn\lib\cli.js:141376:19)
      at Object.onceWrapper (events.js:420:28)
      at ClientRequest.emit (events.js:314:20)
      at TLSSocket.emitRequestTimeout (_http_client.js:774:9)
      at Object.onceWrapper (events.js:420:28)
      at TLSSocket.emit (events.js:326:22)
      at TLSSocket.Socket._onTimeout (net.js:482:8)
      at listOnTimeout (internal/timers.js:554:17)
      at processTimers (internal/timers.js:497:7)

npm manifest: 
  {
    "name": "linkedinclone",
    "version": "0.0.0",
    "scripts": {
      "dev": "vite",
      "build": "vite build",
      "serve": "vite preview"
    },
    "dependencies": {
      "@material-ui/core": "^4.11.4",
      "@material-ui/icons": "^4.11.2",
      "react": "^17.0.0",
      "react-dom": "^17.0.0",
      "react-redux": "^7.2.4"
    },
    "devDependencies": {
      "@vitejs/plugin-react-refresh": "^1.3.1",
      "vite": "^2.3.5"
    }
  }

yarn manifest: 
  No manifest

Lockfile: 
  No lockfile
